<?xml version="1.0" encoding="UTF-8"?>
<testsuite xmlns:xsi="http://www.w3.org/2001/XMLSchema-instance" xsi:noNamespaceSchemaLocation="https://maven.apache.org/surefire/maven-surefire-plugin/xsd/surefire-test-report-3.0.xsd" version="3.0" name="com.hiroakina.juinttest.TaskManagerTest" time="0.218" tests="14" errors="0" skipped="0" failures="0">
  <properties>
[...]
</properties>
  <testcase name="testSetValueAt" classname="com.hiroakina.juinttest.TaskManagerTest" time="0.012"/>
  <testcase name="testAddTask" classname="com.hiroakina.juinttest.TaskManagerTest" time="0.0"/>
  <testcase name="testEmptyTaskList" classname="com.hiroakina.juinttest.TaskManagerTest" time="0.0"/>
  <testcase name="testGetCategories" classname="com.hiroakina.juinttest.TaskManagerTest" time="0.0"/>
  <testcase name="testGetColumnName" classname="com.hiroakina.juinttest.TaskManagerTest" time="0.0"/>
  <testcase name="testRemoveTask" classname="com.hiroakina.juinttest.TaskManagerTest" time="0.0"/>
  <testcase name="testLoadTasksFromNonexistentFile" classname="com.hiroakina.juinttest.TaskManagerTest" time="0.0"/>
  <testcase name="testIsCellEditable" classname="com.hiroakina.juinttest.TaskManagerTest" time="0.002"/>
  <testcase name="testAddManyTasks" classname="com.hiroakina.juinttest.TaskManagerTest" time="0.01"/>
  <testcase name="testGetColumnClass" classname="com.hiroakina.juinttest.TaskManagerTest" time="0.0"/>
  <testcase name="testGetColumnCount" classname="com.hiroakina.juinttest.TaskManagerTest" time="0.0"/>
  <testcase name="testCreateNewFile" classname="com.hiroakina.juinttest.TaskManagerTest" time="0.012"/>
  <testcase name="testSaveAndLoadNewFile" classname="com.hiroakina.juinttest.TaskManagerTest" time="0.067"/>
  <testcase name="testSaveAndLoadTasks" classname="com.hiroakina.juinttest.TaskManagerTest" time="0.0"/>
</testsuite>